<?xml version="1.0" encoding="UTF-8"?>
<!-- Generated by org.testng.reporters.JUnitXMLReporter -->
<testsuite hostname="AMTMY3-RAHULSONAWANEXPS" ignored="0" name="testngTest" tests="2" failures="0" timestamp="12 Apr 2019 06:27:56 GMT" time="101.83" errors="0">
  <testcase name="StartRegistration" time="64.176" classname="appium.setup.TestCase_MobileAutomation"/>
  <testcase name="WebViewInteraction" time="22.278" classname="appium.setup.TestCase_MobileAutomation"/>
</testsuite> <!-- testngTest -->
