<?xml version="1.0" encoding="UTF-8"?>
<testng-results skipped="0" failed="0" ignored="0" total="2" passed="2">
  <reporter-output>
  </reporter-output>
  <suite name="Default suite" duration-ms="146617" started-at="2019-04-12T05:15:05Z" finished-at="2019-04-12T05:17:31Z">
    <groups>
    </groups>
    <test name="Default test" duration-ms="146617" started-at="2019-04-12T05:15:05Z" finished-at="2019-04-12T05:17:31Z">
      <class name="appium.setup.TestCase_MobileAutomation">
        <test-method status="PASS" signature="createAppiumDriver()[pri:0, instance:appium.setup.TestCase_MobileAutomation@e720b71]" name="createAppiumDriver" is-config="true" duration-ms="15853" started-at="2019-04-12T05:15:05Z" finished-at="2019-04-12T05:15:21Z">
          <reporter-output>
          </reporter-output>
        </test-method> <!-- createAppiumDriver -->
        <test-method status="PASS" signature="StartRegistration()[pri:0, instance:appium.setup.TestCase_MobileAutomation@e720b71]" name="StartRegistration" duration-ms="100489" started-at="2019-04-12T05:15:21Z" finished-at="2019-04-12T05:17:01Z">
          <reporter-output>
          </reporter-output>
        </test-method> <!-- StartRegistration -->
        <test-method status="PASS" signature="WebViewInteraction()[pri:0, instance:appium.setup.TestCase_MobileAutomation@e720b71]" name="WebViewInteraction" duration-ms="29376" started-at="2019-04-12T05:17:01Z" finished-at="2019-04-12T05:17:30Z">
          <reporter-output>
          </reporter-output>
        </test-method> <!-- WebViewInteraction -->
        <test-method status="PASS" signature="afterTest()[pri:0, instance:appium.setup.TestCase_MobileAutomation@e720b71]" name="afterTest" is-config="true" duration-ms="862" started-at="2019-04-12T05:17:30Z" finished-at="2019-04-12T05:17:31Z">
          <reporter-output>
          </reporter-output>
        </test-method> <!-- afterTest -->
      </class> <!-- appium.setup.TestCase_MobileAutomation -->
    </test> <!-- Default test -->
  </suite> <!-- Default suite -->
</testng-results>
